<?xml version="1.0" encoding="UTF-8"?>
<!-- Generated by org.testng.reporters.JUnitReportReporter -->
<testsuite hostname="LTIN-APLR1XFYF7604" failures="0" tests="1" name="conf.conf.WriteExcel" time="0.337" errors="0" timestamp="2023-01-12T23:45:55 IST" skipped="0">
  <testcase classname="conf.conf.WriteExcel" name="writeExcel" time="0.337"/>
  <system-out/>
</testsuite> <!-- conf.conf.WriteExcel -->
