<?xml version="1.0" encoding="UTF-8"?>
<!-- Generated by org.testng.reporters.JUnitReportReporter -->
<testsuite hostname="LTIN-APLR1XFYF7604" failures="0" tests="1" name="conf.conf.Irctc" time="8.524" errors="0" timestamp="2023-01-13T02:39:18 IST" skipped="0">
  <testcase classname="conf.conf.Irctc" name="writeExcel" time="8.524"/>
  <system-out/>
</testsuite> <!-- conf.conf.Irctc -->
