<?xml version="1.0" encoding="UTF-8"?>
<!-- Generated by org.testng.reporters.JUnitReportReporter -->
<testsuite hostname="LTIN-APLR1XFYF7604" failures="0" tests="1" name="conf.conf.ReadExcel" time="0.295" errors="0" timestamp="2023-01-12T16:30:31 IST" skipped="0">
  <testcase classname="conf.conf.ReadExcel" name="writeExcel" time="0.295"/>
  <system-out/>
</testsuite> <!-- conf.conf.ReadExcel -->
