<?xml version="1.0" encoding="UTF-8"?>
<!-- Generated by org.testng.reporters.JUnitReportReporter -->
<testsuite hostname="LTIN-APLR1XFYF7604" failures="0" tests="1" name="conf.conf.BaseTest" time="24.290" errors="0" timestamp="2023-01-11T12:16:03 IST" skipped="0">
  <testcase classname="conf.conf.BaseTest" name="tests" time="24.290"/>
  <system-out/>
</testsuite> <!-- conf.conf.BaseTest -->
