<?xml version="1.0" encoding="UTF-8"?>
<!-- Generated by org.testng.reporters.JUnitReportReporter -->
<testsuite hostname="LTIN-APLR1XFYF7604" failures="0" tests="1" name="conf.conf.Task2" time="12.232" errors="0" timestamp="2023-01-11T14:39:59 IST" skipped="0">
  <testcase classname="conf.conf.Task2" name="tests" time="12.232"/>
  <system-out/>
</testsuite> <!-- conf.conf.Task2 -->
